scalars
latCell
lonCell
xCell
yCell
zCell
indexToCellID
latEdge
lonEdge
xEdge
yEdge
zEdge
indexToEdgeID
latVertex
lonVertex
xVertex
yVertex
zVertex
indexToVertexID
cellsOnEdge
nEdgesOnCell
nEdgesOnEdge
edgesOnCell
edgesOnEdge
weightsOnEdge
dvEdge
dcEdge
angleEdge
areaCell
areaTriangle
cellsOnCell
verticesOnCell
verticesOnEdge
edgesOnVertex
cellsOnVertex
kiteAreasOnVertex
meshDensity
zgrid
fzm
fzp
zz
initial_time
xtime
u
w
pressure
surface_pressure
rho
theta
relhum
divergence
vorticity
ke
uReconstructZonal
uReconstructMeridional
ertel_pv
u_pv
v_pv
theta_pv
vort_pv
depv_dt_lw
depv_dt_sw
depv_dt_bl
depv_dt_cu
depv_dt_mix
dtheta_dt_mp
depv_dt_mp
depv_dt_diab
depv_dt_fric
depv_dt_diab_pv
depv_dt_fric_pv
iLev_DT
i_rainnc
rainnc
precipw
cuprec
i_rainc
rainc
kpbl
hpbl
hfx
qfx
cd
cda
ck
cka
lh
u10
v10
q2
t2m
th2m
gsw
glw
acsnow
pin
ozmixm
mminlu
isice_lu
iswater_lu
xland
skintemp
snow
snowh
sst
vegfra
xice
sh2o
smois
tslb
